<?xml version="1.0" encoding="UTF-8"?>
<!-- Generated by org.testng.reporters.JUnitXMLReporter -->
<testsuite ignored="0" hostname="Pooja" failures="0" tests="9" name="Account Page Test" time="14.145" errors="0" timestamp="2025-11-29T21:40:07 IST">
  <testcase classname="com.qa.opencart.pagetests.ProductInfoPageTest" name="productImageCountTest" time="2.637"/>
  <testcase classname="com.qa.opencart.pagetests.AccountPageTest" name="accPageHeaderCountTest" time="0.079"/>
  <testcase classname="com.qa.opencart.pagetests.AccountPageTest" name="accPageHeaderTest" time="0.097"/>
  <testcase classname="com.qa.opencart.pagetests.AccountPageTest" name="accountPageTitleTest" time="0.005"/>
  <testcase classname="com.qa.opencart.pagetests.AccountPageTest" name="accountPageUrlTest" time="0.006"/>
  <testcase classname="com.qa.opencart.pagetests.AccountPageTest" name="logoutLinkExistTest" time="0.259"/>
  <testcase classname="com.qa.opencart.pagetests.ProductInfoPageTest" name="productImageCountTest" time="1.698"/>
  <testcase classname="com.qa.opencart.pagetests.AccountPageTest" name="doSearchTest" time="1.943"/>
  <testcase classname="com.qa.opencart.pagetests.ProductInfoPageTest" name="productImageCountTest" time="1.483"/>
</testsuite> <!-- Account Page Test -->
