<html>
<head>
<title>TestNG:  Product Info Page Test</title>
<link href="../testng.css" rel="stylesheet" type="text/css" />
<link href="../my-testng.css" rel="stylesheet" type="text/css" />

<style type="text/css">
.log { display: none;} 
.stack-trace { display: none;} 
</style>
<script type="text/javascript">
<!--
function flip(e) {
  current = e.style.display;
  if (current == 'block') {
    e.style.display = 'none';
    return 0;
  }
  else {
    e.style.display = 'block';
    return 1;
  }
}

function toggleBox(szDivId, elem, msg1, msg2)
{
  var res = -1;  if (document.getElementById) {
    res = flip(document.getElementById(szDivId));
  }
  else if (document.all) {
    // this is the way old msie versions work
    res = flip(document.all[szDivId]);
  }
  if(elem) {
    if(res == 0) elem.innerHTML = msg1; else elem.innerHTML = msg2;
  }

}

function toggleAllBoxes() {
  if (document.getElementsByTagName) {
    d = document.getElementsByTagName('div');
    for (i = 0; i < d.length; i++) {
      if (d[i].className == 'log') {
        flip(d[i]);
      }
    }
  }
}

// -->
</script>

</head>
<body>
<h2 align='center'>Product Info Page Test</h2><table border='1' align="center">
<tr>
<td>Tests passed/Failed/Skipped:</td><td>6/0/0</td>
</tr><tr>
<td>Started on:</td><td>Sat Nov 29 12:32:01 IST 2025</td>
</tr>
<tr><td>Total time:</td><td>16 seconds (16876 ms)</td>
</tr><tr>
<td>Included groups:</td><td></td>
</tr><tr>
<td>Excluded groups:</td><td></td>
</tr>
</table><p/>
<small><i>(Hover the method name to see the test class name)</i></small><p/>
<table width='100%' border='1' class='invocation-passed'>
<tr><td colspan='4' align='center'><b>PASSED TESTS</b></td></tr>
<tr><td><b>Test method</b></td>
<td width="30%"><b>Exception</b></td>
<td width="10%"><b>Time (seconds)</b></td>
<td><b>Instance</b></td>
</tr>
<tr>
<td title='com.qa.opencart.pagetests.AccountPageTest.accPageHeaderCountTest()'><b>accPageHeaderCountTest</b><br>Test class: com.qa.opencart.pagetests.AccountPageTest</td>
<td></td>
<td>0</td>
<td>com.qa.opencart.pagetests.AccountPageTest@662b4c69</td></tr>
<tr>
<td title='com.qa.opencart.pagetests.AccountPageTest.accPageHeaderTest()'><b>accPageHeaderTest</b><br>Test class: com.qa.opencart.pagetests.AccountPageTest</td>
<td></td>
<td>0</td>
<td>com.qa.opencart.pagetests.AccountPageTest@662b4c69</td></tr>
<tr>
<td title='com.qa.opencart.pagetests.AccountPageTest.accountPageTitleTest()'><b>accountPageTitleTest</b><br>Test class: com.qa.opencart.pagetests.AccountPageTest</td>
<td></td>
<td>0</td>
<td>com.qa.opencart.pagetests.AccountPageTest@662b4c69</td></tr>
<tr>
<td title='com.qa.opencart.pagetests.AccountPageTest.accountPageUrlTest()'><b>accountPageUrlTest</b><br>Test class: com.qa.opencart.pagetests.AccountPageTest</td>
<td></td>
<td>0</td>
<td>com.qa.opencart.pagetests.AccountPageTest@662b4c69</td></tr>
<tr>
<td title='com.qa.opencart.pagetests.LoginPageTest.doLoginTest()'><b>doLoginTest</b><br>Test class: com.qa.opencart.pagetests.LoginPageTest</td>
<td></td>
<td>1</td>
<td>com.qa.opencart.pagetests.LoginPageTest@15bbf42f</td></tr>
<tr>
<td title='com.qa.opencart.pagetests.AccountPageTest.doSearchTest()'><b>doSearchTest</b><br>Test class: com.qa.opencart.pagetests.AccountPageTest</td>
<td></td>
<td>1</td>
<td>com.qa.opencart.pagetests.AccountPageTest@662b4c69</td></tr>
<tr>
<td title='com.qa.opencart.pagetests.LoginPageTest.forgotLinkExistTest()'><b>forgotLinkExistTest</b><br>Test class: com.qa.opencart.pagetests.LoginPageTest</td>
<td></td>
<td>0</td>
<td>com.qa.opencart.pagetests.LoginPageTest@15bbf42f</td></tr>
<tr>
<td title='com.qa.opencart.pagetests.LoginPageTest.loginPageTitleTest()'><b>loginPageTitleTest</b><br>Test class: com.qa.opencart.pagetests.LoginPageTest</td>
<td></td>
<td>0</td>
<td>com.qa.opencart.pagetests.LoginPageTest@15bbf42f</td></tr>
<tr>
<td title='com.qa.opencart.pagetests.LoginPageTest.loginPageUrlTest()'><b>loginPageUrlTest</b><br>Test class: com.qa.opencart.pagetests.LoginPageTest</td>
<td></td>
<td>0</td>
<td>com.qa.opencart.pagetests.LoginPageTest@15bbf42f</td></tr>
<tr>
<td title='com.qa.opencart.pagetests.LoginPageTest.logoExistTest()'><b>logoExistTest</b><br>Test class: com.qa.opencart.pagetests.LoginPageTest</td>
<td></td>
<td>0</td>
<td>com.qa.opencart.pagetests.LoginPageTest@15bbf42f</td></tr>
<tr>
<td title='com.qa.opencart.pagetests.AccountPageTest.logoutLinkExistTest()'><b>logoutLinkExistTest</b><br>Test class: com.qa.opencart.pagetests.AccountPageTest</td>
<td></td>
<td>0</td>
<td>com.qa.opencart.pagetests.AccountPageTest@662b4c69</td></tr>
<tr>
<td title='com.qa.opencart.pagetests.ProductInfoPageTest.productImageCountTest()'><b>productImageCountTest</b><br>Test class: com.qa.opencart.pagetests.ProductInfoPageTest<br>Parameters: MacBook, MacBook Air, 4</td>
<td></td>
<td>1</td>
<td>com.qa.opencart.pagetests.ProductInfoPageTest@7133da86</td></tr>
<tr>
<td title='com.qa.opencart.pagetests.ProductInfoPageTest.productImageCountTest()'><b>productImageCountTest</b><br>Test class: com.qa.opencart.pagetests.ProductInfoPageTest<br>Parameters: iMac, iMac, 3</td>
<td></td>
<td>1</td>
<td>com.qa.opencart.pagetests.ProductInfoPageTest@7133da86</td></tr>
<tr>
<td title='com.qa.opencart.pagetests.ProductInfoPageTest.productImageCountTest()'><b>productImageCountTest</b><br>Test class: com.qa.opencart.pagetests.ProductInfoPageTest<br>Parameters: Samsung, Samsung SyncMaster 941BW, 1</td>
<td></td>
<td>1</td>
<td>com.qa.opencart.pagetests.ProductInfoPageTest@7133da86</td></tr>
<tr>
<td title='com.qa.opencart.pagetests.ProductInfoPageTest.productImageCountTest()'><b>productImageCountTest</b><br>Test class: com.qa.opencart.pagetests.ProductInfoPageTest<br>Parameters: Canon, Canon EOS 5D, 3</td>
<td></td>
<td>1</td>
<td>com.qa.opencart.pagetests.ProductInfoPageTest@7133da86</td></tr>
<tr>
<td title='com.qa.opencart.pagetests.ProductInfoPageTest.productImageCountTest()'><b>productImageCountTest</b><br>Test class: com.qa.opencart.pagetests.ProductInfoPageTest<br>Parameters: Samsung, Samsung Galaxy Tab 10.1, 7</td>
<td></td>
<td>1</td>
<td>com.qa.opencart.pagetests.ProductInfoPageTest@7133da86</td></tr>
<tr>
<td title='com.qa.opencart.pagetests.ProductInfoPageTest.productImageCountTest()'><b>productImageCountTest</b><br>Test class: com.qa.opencart.pagetests.ProductInfoPageTest<br>Parameters: MacBook, MacBook Pro, 4</td>
<td></td>
<td>1</td>
<td>com.qa.opencart.pagetests.ProductInfoPageTest@7133da86</td></tr>
<tr>
<td title='com.qa.opencart.pagetests.LoginPageTest.searchFieldExistTest()'><b>searchFieldExistTest</b><br>Test class: com.qa.opencart.pagetests.LoginPageTest</td>
<td></td>
<td>0</td>
<td>com.qa.opencart.pagetests.LoginPageTest@15bbf42f</td></tr>
</table><p>
<table width='100%' border='1' class='invocation-skipped'>
<tr><td colspan='4' align='center'><b>SKIPPED TESTS</b></td></tr>
<tr><td><b>Test method</b></td>
<td width="30%"><b>Exception</b></td>
<td width="10%"><b>Time (seconds)</b></td>
<td><b>Instance</b></td>
</tr>
<tr>
<td title='com.qa.opencart.pagetests.RegisterPageTest.userRegistrationTest()'><b>userRegistrationTest</b><br>Test class: com.qa.opencart.pagetests.RegisterPageTest</td>
<td><div><pre>java.lang.RuntimeException: java.lang.RuntimeException: ? Sheet &apos;register&apos; NOT found in Excel file: ./src/test/resources/testdata/ProductSearchData.xlsx
	at org.testng.internal.MethodInvocationHelper.invokeMethodNoCheckedException(MethodInvocationHelper.java:50)
	at org.testng.internal.MethodInvocationHelper.invokeDataProvider(MethodInvocationHelper.java:146)
	at org.testng.internal.Parameters.handleParameters(Parameters.java:820)
	at org.testng.internal.Parameters.handleParameters(Parameters.java:762)
	at org.testng.internal.ParameterHandler.handleParameters(ParameterHandler.java:60)
	at org.testng.internal.ParameterHandler.createParameters(ParameterHandler.java:39)
	at org.testng.internal.TestInvoker$MethodInvocationAgent.invoke(TestInvoker.java:771)
	at org.testng.internal.TestInvoker.invokeTestMethods(TestInvoker.java:145)
	at org.testng.internal.TestMethodWorker.invokeTestMethods(TestMethodWorker.java:146)
	at org.testng.internal.TestMethodWorker.run(TestMethodWorker.java:128)
	at java.base/java.util.ArrayList.forEach(ArrayList.java:1511)
	at org.testng.TestRunner.privateRun(TestRunner.java:770)
	at org.testng.TestRunner.run(TestRunner.java:591)
	at org.testng.SuiteRunner.runTest(SuiteRunner.java:402)
	at org.testng.SuiteRunner.access$000(SuiteRunner.java:41)
	at org.testng.SuiteRunner$SuiteWorker.run(SuiteRunner.java:443)
	at org.testng.internal.thread.ThreadUtil.lambda$execute$0(ThreadUtil.java:67)
	at java.base/java.util.concurrent.FutureTask.run(FutureTask.java:264)
	at java.base/java.util.concurrent.ThreadPoolExecutor.runWorker(ThreadPoolExecutor.java:1130)
	at java.base/java.util.concurrent.ThreadPoolExecutor$Worker.run(ThreadPoolExecutor.java:630)
	at java.base/java.lang.Thread.run(Thread.java:831)
Caused by: java.lang.RuntimeException: ? Sheet &apos;register&apos; NOT found in Excel file: ./src/test/resources/testdata/ProductSearchData.xlsx
	at com.qa.opencart.utils.ExcelUtil.getTestData(ExcelUtil.java:29)
	at com.qa.opencart.pagetests.RegisterPageTest.getUserRegTextExcelData(RegisterPageTest.java:25)
	at java.base/jdk.internal.reflect.NativeMethodAccessorImpl.invoke0(Native Method)
	at java.base/jdk.internal.reflect.NativeMethodAccessorImpl.invoke(NativeMethodAccessorImpl.java:78)
	at java.base/jdk.internal.reflect.DelegatingMethodAccessorImpl.invoke(DelegatingMethodAccessorImpl.java:43)
	at java.base/java.lang.reflect.Method.invoke(Method.java:567)
	at org.testng.internal.MethodInvocationHelper.invokeMethod(MethodInvocationHelper.java:133)
	at org.testng.internal.MethodInvocationHelper.invokeMethod(MethodInvocationHelper.java:77)
	at org.testng.internal.MethodInvocationHelper.invokeMethodNoCheckedException(MethodInvocationHelper.java:46)
	... 20 more
</pre></div><a href='#' onClick='toggleBox("stack-trace1588853630", this, "Click to show all stack frames", "Click to hide stack frames")'>Click to show all stack frames</a>
<div class='stack-trace' id='stack-trace1588853630'><pre>java.lang.RuntimeException: java.lang.RuntimeException: ? Sheet &apos;register&apos; NOT found in Excel file: ./src/test/resources/testdata/ProductSearchData.xlsx
	at org.testng.internal.MethodInvocationHelper.invokeMethodNoCheckedException(MethodInvocationHelper.java:50)
	at org.testng.internal.MethodInvocationHelper.invokeDataProvider(MethodInvocationHelper.java:146)
	at org.testng.internal.Parameters.handleParameters(Parameters.java:820)
	at org.testng.internal.Parameters.handleParameters(Parameters.java:762)
	at org.testng.internal.ParameterHandler.handleParameters(ParameterHandler.java:60)
	at org.testng.internal.ParameterHandler.createParameters(ParameterHandler.java:39)
	at org.testng.internal.TestInvoker$MethodInvocationAgent.invoke(TestInvoker.java:771)
	at org.testng.internal.TestInvoker.invokeTestMethods(TestInvoker.java:145)
	at org.testng.internal.TestMethodWorker.invokeTestMethods(TestMethodWorker.java:146)
	at org.testng.internal.TestMethodWorker.run(TestMethodWorker.java:128)
	at java.base/java.util.ArrayList.forEach(ArrayList.java:1511)
	at org.testng.TestRunner.privateRun(TestRunner.java:770)
	at org.testng.TestRunner.run(TestRunner.java:591)
	at org.testng.SuiteRunner.runTest(SuiteRunner.java:402)
	at org.testng.SuiteRunner.access$000(SuiteRunner.java:41)
	at org.testng.SuiteRunner$SuiteWorker.run(SuiteRunner.java:443)
	at org.testng.internal.thread.ThreadUtil.lambda$execute$0(ThreadUtil.java:67)
	at java.base/java.util.concurrent.FutureTask.run(FutureTask.java:264)
	at java.base/java.util.concurrent.ThreadPoolExecutor.runWorker(ThreadPoolExecutor.java:1130)
	at java.base/java.util.concurrent.ThreadPoolExecutor$Worker.run(ThreadPoolExecutor.java:630)
	at java.base/java.lang.Thread.run(Thread.java:831)
Caused by: java.lang.RuntimeException: ? Sheet &apos;register&apos; NOT found in Excel file: ./src/test/resources/testdata/ProductSearchData.xlsx
	at com.qa.opencart.utils.ExcelUtil.getTestData(ExcelUtil.java:29)
	at com.qa.opencart.pagetests.RegisterPageTest.getUserRegTextExcelData(RegisterPageTest.java:25)
	at java.base/jdk.internal.reflect.NativeMethodAccessorImpl.invoke0(Native Method)
	at java.base/jdk.internal.reflect.NativeMethodAccessorImpl.invoke(NativeMethodAccessorImpl.java:78)
	at java.base/jdk.internal.reflect.DelegatingMethodAccessorImpl.invoke(DelegatingMethodAccessorImpl.java:43)
	at java.base/java.lang.reflect.Method.invoke(Method.java:567)
	at org.testng.internal.MethodInvocationHelper.invokeMethod(MethodInvocationHelper.java:133)
	at org.testng.internal.MethodInvocationHelper.invokeMethod(MethodInvocationHelper.java:77)
	at org.testng.internal.MethodInvocationHelper.invokeMethodNoCheckedException(MethodInvocationHelper.java:46)
	... 20 more
</pre></div></td>
<td>0</td>
<td>com.qa.opencart.pagetests.RegisterPageTest@20ccf40b</td></tr>
</table><p>
</body>
</html>