<?xml version="1.0" encoding="UTF-8"?>
<!-- Generated by org.testng.reporters.JUnitXMLReporter -->
<testsuite ignored="0" hostname="Pooja" failures="0" tests="4" name="Product Info Page Test" time="19.025" errors="0" timestamp="2025-11-29T21:40:12 IST">
  <testcase classname="com.qa.opencart.pagetests.ProductInfoPageTest" name="productImageCountTest" time="1.646"/>
  <testcase classname="com.qa.opencart.pagetests.ProductInfoPageTest" name="productImageCountTest" time="1.432"/>
  <testcase classname="com.qa.opencart.pagetests.ProductInfoPageTest" name="productImageCountTest" time="1.404"/>
  <testcase classname="com.qa.opencart.pagetests.ProductInfoPageTest" name="productInfoTest" time="1.403"/>
</testsuite> <!-- Product Info Page Test -->
