<?xml version="1.0" encoding="UTF-8"?>
<!-- Generated by org.testng.reporters.JUnitXMLReporter -->
<testsuite ignored="0" hostname="Pooja" failures="0" tests="15" name="Account Page Test" time="13.948" errors="0" timestamp="2025-12-03T09:48:50 IST">
  <testcase classname="com.qa.opencart.pagetests.LoginPageTest" name="forgotLinkExistTest" time="0.172"/>
  <testcase classname="com.qa.opencart.pagetests.LoginPageTest" name="loginPageTitleTest" time="0.021"/>
  <testcase classname="com.qa.opencart.pagetests.LoginPageTest" name="loginPageUrlTest" time="0.023"/>
  <testcase classname="com.qa.opencart.pagetests.LoginPageTest" name="logoExistTest" time="0.05"/>
  <testcase classname="com.qa.opencart.pagetests.LoginPageTest" name="searchFieldExistTest" time="0.042"/>
  <testcase classname="com.qa.opencart.pagetests.LoginPageTest" name="doLoginTest" time="0.974"/>
  <testcase classname="com.qa.opencart.pagetests.AccountPageTest" name="accPageHeaderCountTest" time="0.117"/>
  <testcase classname="com.qa.opencart.pagetests.AccountPageTest" name="accPageHeaderTest" time="0.101"/>
  <testcase classname="com.qa.opencart.pagetests.AccountPageTest" name="accountPageTitleTest" time="0.014"/>
  <testcase classname="com.qa.opencart.pagetests.AccountPageTest" name="accountPageUrlTest" time="0.01"/>
  <testcase classname="com.qa.opencart.pagetests.ProductInfoPageTest" name="productImageCountTest" time="2.86"/>
  <testcase classname="com.qa.opencart.pagetests.AccountPageTest" name="logoutLinkExistTest" time="0.268"/>
  <testcase classname="com.qa.opencart.pagetests.ProductInfoPageTest" name="productImageCountTest" time="1.468"/>
  <testcase classname="com.qa.opencart.pagetests.AccountPageTest" name="doSearchTest" time="1.578"/>
  <testcase classname="com.qa.opencart.pagetests.ProductInfoPageTest" name="productImageCountTest" time="1.723"/>
</testsuite> <!-- Account Page Test -->
