<?xml version="1.0" encoding="UTF-8"?>
<!-- Generated by org.testng.reporters.JUnitXMLReporter -->
<testsuite ignored="0" hostname="Pooja" failures="0" tests="6" name="Login Page Test" time="7.299" errors="0" timestamp="2025-12-03T09:48:45 IST">
  <testcase classname="com.qa.opencart.pagetests.LoginPageTest" name="forgotLinkExistTest" time="0.172"/>
  <testcase classname="com.qa.opencart.pagetests.LoginPageTest" name="loginPageTitleTest" time="0.021"/>
  <testcase classname="com.qa.opencart.pagetests.LoginPageTest" name="loginPageUrlTest" time="0.023"/>
  <testcase classname="com.qa.opencart.pagetests.LoginPageTest" name="logoExistTest" time="0.05"/>
  <testcase classname="com.qa.opencart.pagetests.LoginPageTest" name="searchFieldExistTest" time="0.042"/>
  <testcase classname="com.qa.opencart.pagetests.LoginPageTest" name="doLoginTest" time="0.974"/>
</testsuite> <!-- Login Page Test -->
