<?xml version="1.0" encoding="UTF-8"?>
<!-- Generated by org.testng.reporters.JUnitXMLReporter -->
<testsuite ignored="0" hostname="Pooja" failures="0" tests="4" name="Product Info Page Test" time="21.0" errors="0" timestamp="2025-12-03T09:48:57 IST">
  <testcase classname="com.qa.opencart.pagetests.ProductInfoPageTest" name="productImageCountTest" time="2.568"/>
  <testcase classname="com.qa.opencart.pagetests.ProductInfoPageTest" name="productImageCountTest" time="1.745"/>
  <testcase classname="com.qa.opencart.pagetests.ProductInfoPageTest" name="productImageCountTest" time="1.309"/>
  <testcase classname="com.qa.opencart.pagetests.ProductInfoPageTest" name="productInfoTest" time="1.233"/>
</testsuite> <!-- Product Info Page Test -->
