<?xml version="1.0" encoding="UTF-8"?>
<testng-results ignored="0" total="13" passed="13" failed="0" skipped="0">
  <reporter-output>
  </reporter-output>
  <suite started-at="2025-12-03T09:48:36 IST" name="Opencart App Test Regression Suite" finished-at="2025-12-03T09:48:57 IST" duration-ms="21000">
    <groups>
    </groups>
    <test started-at="2025-12-03T09:48:36 IST" name="Account Page Test" finished-at="2025-12-03T09:48:50 IST" duration-ms="13948">
      <class name="com.qa.opencart.pagetests.AccountPageTest">
        <test-method is-config="true" signature="setUp(java.lang.String)[pri:0, instance:com.qa.opencart.pagetests.AccountPageTest@181d8899]" started-at="2025-12-03T09:48:36 IST" name="setUp" finished-at="2025-12-03T09:48:45 IST" duration-ms="9432" status="PASS">
          <params>
            <param index="0">
              <value>
                <![CDATA[firefox]]>
              </value>
            </param>
          </params>
          <reporter-output>
          </reporter-output>
        </test-method> <!-- setUp -->
        <test-method is-config="true" signature="accSetUp()[pri:0, instance:com.qa.opencart.pagetests.AccountPageTest@181d8899]" started-at="2025-12-03T09:48:45 IST" name="accSetUp" finished-at="2025-12-03T09:48:46 IST" depends-on-methods="com.qa.opencart.basetest.BaseTest.setUp" duration-ms="716" status="PASS">
          <reporter-output>
          </reporter-output>
        </test-method> <!-- accSetUp -->
        <test-method signature="accPageHeaderCountTest()[pri:0, instance:com.qa.opencart.pagetests.AccountPageTest@181d8899]" started-at="2025-12-03T09:48:46 IST" name="accPageHeaderCountTest" finished-at="2025-12-03T09:48:46 IST" duration-ms="117" status="PASS">
          <reporter-output>
          </reporter-output>
        </test-method> <!-- accPageHeaderCountTest -->
        <test-method signature="accPageHeaderTest()[pri:0, instance:com.qa.opencart.pagetests.AccountPageTest@181d8899]" started-at="2025-12-03T09:48:46 IST" name="accPageHeaderTest" finished-at="2025-12-03T09:48:46 IST" duration-ms="101" status="PASS">
          <reporter-output>
          </reporter-output>
        </test-method> <!-- accPageHeaderTest -->
        <test-method signature="accountPageTitleTest()[pri:0, instance:com.qa.opencart.pagetests.AccountPageTest@181d8899]" started-at="2025-12-03T09:48:46 IST" name="accountPageTitleTest" finished-at="2025-12-03T09:48:46 IST" duration-ms="14" status="PASS">
          <reporter-output>
          </reporter-output>
        </test-method> <!-- accountPageTitleTest -->
        <test-method signature="accountPageUrlTest()[pri:0, instance:com.qa.opencart.pagetests.AccountPageTest@181d8899]" started-at="2025-12-03T09:48:46 IST" name="accountPageUrlTest" finished-at="2025-12-03T09:48:46 IST" duration-ms="10" status="PASS">
          <reporter-output>
          </reporter-output>
        </test-method> <!-- accountPageUrlTest -->
        <test-method signature="logoutLinkExistTest()[pri:0, instance:com.qa.opencart.pagetests.AccountPageTest@181d8899]" started-at="2025-12-03T09:48:46 IST" name="logoutLinkExistTest" finished-at="2025-12-03T09:48:47 IST" duration-ms="268" status="PASS">
          <reporter-output>
          </reporter-output>
        </test-method> <!-- logoutLinkExistTest -->
        <test-method signature="doSearchTest()[pri:1, instance:com.qa.opencart.pagetests.AccountPageTest@181d8899]" started-at="2025-12-03T09:48:47 IST" name="doSearchTest" finished-at="2025-12-03T09:48:48 IST" duration-ms="1578" status="PASS">
          <reporter-output>
          </reporter-output>
        </test-method> <!-- doSearchTest -->
        <test-method is-config="true" signature="tearDown()[pri:0, instance:com.qa.opencart.pagetests.AccountPageTest@181d8899]" started-at="2025-12-03T09:48:48 IST" name="tearDown" finished-at="2025-12-03T09:48:50 IST" duration-ms="1685" status="PASS">
          <reporter-output>
          </reporter-output>
        </test-method> <!-- tearDown -->
      </class> <!-- com.qa.opencart.pagetests.AccountPageTest -->
    </test> <!-- Account Page Test -->
    <test started-at="2025-12-03T09:48:36 IST" name="Product Info Page Test" finished-at="2025-12-03T09:48:57 IST" duration-ms="21000">
      <class name="com.qa.opencart.pagetests.ProductInfoPageTest">
        <test-method is-config="true" signature="setUp(java.lang.String)[pri:0, instance:com.qa.opencart.pagetests.ProductInfoPageTest@6812fa3a]" started-at="2025-12-03T09:48:36 IST" name="setUp" finished-at="2025-12-03T09:48:41 IST" duration-ms="5150" status="PASS">
          <params>
            <param index="0">
              <value>
                <![CDATA[chrome]]>
              </value>
            </param>
          </params>
          <reporter-output>
          </reporter-output>
        </test-method> <!-- setUp -->
        <test-method is-config="true" signature="productInfoSetUp()[pri:0, instance:com.qa.opencart.pagetests.ProductInfoPageTest@6812fa3a]" started-at="2025-12-03T09:48:41 IST" name="productInfoSetUp" finished-at="2025-12-03T09:48:42 IST" duration-ms="943" status="PASS">
          <reporter-output>
          </reporter-output>
        </test-method> <!-- productInfoSetUp -->
        <test-method signature="productImageCountTest(java.lang.String, java.lang.String, java.lang.String)[pri:0, instance:com.qa.opencart.pagetests.ProductInfoPageTest@6812fa3a]" started-at="2025-12-03T09:48:44 IST" name="productImageCountTest" data-provider="getSearchDataFromExcel" finished-at="2025-12-03T09:48:47 IST" duration-ms="2860" status="PASS">
          <params>
            <param index="0">
              <value>
                <![CDATA[MacBook]]>
              </value>
            </param>
            <param index="1">
              <value>
                <![CDATA[MacBook Air]]>
              </value>
            </param>
            <param index="2">
              <value>
                <![CDATA[4]]>
              </value>
            </param>
          </params>
          <reporter-output>
          </reporter-output>
        </test-method> <!-- productImageCountTest -->
        <test-method signature="productImageCountTest(java.lang.String, java.lang.String, java.lang.String)[pri:0, instance:com.qa.opencart.pagetests.ProductInfoPageTest@6812fa3a]" started-at="2025-12-03T09:48:47 IST" name="productImageCountTest" data-provider="getSearchDataFromExcel" finished-at="2025-12-03T09:48:48 IST" duration-ms="1468" status="PASS">
          <params>
            <param index="0">
              <value>
                <![CDATA[iMac]]>
              </value>
            </param>
            <param index="1">
              <value>
                <![CDATA[iMac]]>
              </value>
            </param>
            <param index="2">
              <value>
                <![CDATA[3]]>
              </value>
            </param>
          </params>
          <reporter-output>
          </reporter-output>
        </test-method> <!-- productImageCountTest -->
        <test-method signature="productImageCountTest(java.lang.String, java.lang.String, java.lang.String)[pri:0, instance:com.qa.opencart.pagetests.ProductInfoPageTest@6812fa3a]" started-at="2025-12-03T09:48:48 IST" name="productImageCountTest" data-provider="getSearchDataFromExcel" finished-at="2025-12-03T09:48:50 IST" duration-ms="1723" status="PASS">
          <params>
            <param index="0">
              <value>
                <![CDATA[Samsung]]>
              </value>
            </param>
            <param index="1">
              <value>
                <![CDATA[Samsung SyncMaster 941BW]]>
              </value>
            </param>
            <param index="2">
              <value>
                <![CDATA[1]]>
              </value>
            </param>
          </params>
          <reporter-output>
          </reporter-output>
        </test-method> <!-- productImageCountTest -->
        <test-method signature="productImageCountTest(java.lang.String, java.lang.String, java.lang.String)[pri:0, instance:com.qa.opencart.pagetests.ProductInfoPageTest@6812fa3a]" started-at="2025-12-03T09:48:50 IST" name="productImageCountTest" data-provider="getSearchDataFromExcel" finished-at="2025-12-03T09:48:52 IST" duration-ms="2568" status="PASS">
          <params>
            <param index="0">
              <value>
                <![CDATA[Canon]]>
              </value>
            </param>
            <param index="1">
              <value>
                <![CDATA[Canon EOS 5D]]>
              </value>
            </param>
            <param index="2">
              <value>
                <![CDATA[3]]>
              </value>
            </param>
          </params>
          <reporter-output>
          </reporter-output>
        </test-method> <!-- productImageCountTest -->
        <test-method signature="productImageCountTest(java.lang.String, java.lang.String, java.lang.String)[pri:0, instance:com.qa.opencart.pagetests.ProductInfoPageTest@6812fa3a]" started-at="2025-12-03T09:48:52 IST" name="productImageCountTest" data-provider="getSearchDataFromExcel" finished-at="2025-12-03T09:48:54 IST" duration-ms="1745" status="PASS">
          <params>
            <param index="0">
              <value>
                <![CDATA[Samsung]]>
              </value>
            </param>
            <param index="1">
              <value>
                <![CDATA[Samsung Galaxy Tab 10.1]]>
              </value>
            </param>
            <param index="2">
              <value>
                <![CDATA[7]]>
              </value>
            </param>
          </params>
          <reporter-output>
          </reporter-output>
        </test-method> <!-- productImageCountTest -->
        <test-method signature="productImageCountTest(java.lang.String, java.lang.String, java.lang.String)[pri:0, instance:com.qa.opencart.pagetests.ProductInfoPageTest@6812fa3a]" started-at="2025-12-03T09:48:54 IST" name="productImageCountTest" data-provider="getSearchDataFromExcel" finished-at="2025-12-03T09:48:55 IST" duration-ms="1309" status="PASS">
          <params>
            <param index="0">
              <value>
                <![CDATA[MacBook]]>
              </value>
            </param>
            <param index="1">
              <value>
                <![CDATA[MacBook Pro]]>
              </value>
            </param>
            <param index="2">
              <value>
                <![CDATA[4]]>
              </value>
            </param>
          </params>
          <reporter-output>
          </reporter-output>
        </test-method> <!-- productImageCountTest -->
        <test-method signature="productInfoTest()[pri:0, instance:com.qa.opencart.pagetests.ProductInfoPageTest@6812fa3a]" started-at="2025-12-03T09:48:55 IST" name="productInfoTest" finished-at="2025-12-03T09:48:57 IST" duration-ms="1233" status="PASS">
          <reporter-output>
          </reporter-output>
        </test-method> <!-- productInfoTest -->
        <test-method is-config="true" signature="tearDown()[pri:0, instance:com.qa.opencart.pagetests.ProductInfoPageTest@6812fa3a]" started-at="2025-12-03T09:48:57 IST" name="tearDown" finished-at="2025-12-03T09:48:57 IST" duration-ms="315" status="PASS">
          <reporter-output>
          </reporter-output>
        </test-method> <!-- tearDown -->
      </class> <!-- com.qa.opencart.pagetests.ProductInfoPageTest -->
    </test> <!-- Product Info Page Test -->
  </suite> <!-- Opencart App Test Regression Suite -->
</testng-results>
