<?xml version="1.0" encoding="UTF-8"?>
<!-- Generated by org.testng.reporters.JUnitReportReporter -->
<testsuite hostname="Pooja" failures="0" tests="6" name="com.qa.opencart.pagetests.AccountPageTest" time="2.389" errors="0" timestamp="2025-11-29T21:40:12 IST" skipped="0">
  <testcase classname="com.qa.opencart.pagetests.AccountPageTest" name="accPageHeaderCountTest" time="0.079"/>
  <testcase classname="com.qa.opencart.pagetests.AccountPageTest" name="accountPageTitleTest" time="0.005"/>
  <testcase classname="com.qa.opencart.pagetests.AccountPageTest" name="logoutLinkExistTest" time="0.259"/>
  <testcase classname="com.qa.opencart.pagetests.AccountPageTest" name="accPageHeaderTest" time="0.097"/>
  <testcase classname="com.qa.opencart.pagetests.AccountPageTest" name="accountPageUrlTest" time="0.006"/>
  <testcase classname="com.qa.opencart.pagetests.AccountPageTest" name="doSearchTest" time="1.943"/>
</testsuite> <!-- com.qa.opencart.pagetests.AccountPageTest -->
