<?xml version="1.0" encoding="UTF-8"?>
<!-- Generated by org.testng.reporters.JUnitReportReporter -->
<testsuite hostname="Pooja" failures="0" tests="6" name="com.qa.opencart.pagetests.LoginTest" time="1.117" errors="0" timestamp="2025-11-13T08:32:56 IST" skipped="0">
  <testcase classname="com.qa.opencart.pagetests.LoginTest" name="searchFieldExistTest" time="0.047"/>
  <testcase classname="com.qa.opencart.pagetests.LoginTest" name="loginPageTitleTest" time="0.023"/>
  <testcase classname="com.qa.opencart.pagetests.LoginTest" name="loginPageUrlTest" time="0.019"/>
  <testcase classname="com.qa.opencart.pagetests.LoginTest" name="forgotLinkExistTest" time="0.086"/>
  <testcase classname="com.qa.opencart.pagetests.LoginTest" name="logoExistTest" time="0.053"/>
  <testcase classname="com.qa.opencart.pagetests.LoginTest" name="doLoginTest" time="0.889"/>
</testsuite> <!-- com.qa.opencart.pagetests.LoginTest -->
