<?xml version="1.0" encoding="UTF-8"?>
<!-- Generated by org.testng.reporters.JUnitReportReporter -->
<testsuite hostname="Pooja" failures="0" tests="7" name="com.qa.opencart.pagetests.ProductInfoPageTest" time="11.703" errors="0" timestamp="2025-11-29T21:40:12 IST" skipped="0">
  <testcase classname="com.qa.opencart.pagetests.ProductInfoPageTest" name="productImageCountTest" time="1.404"/>
  <testcase classname="com.qa.opencart.pagetests.ProductInfoPageTest" name="productImageCountTest" time="1.698"/>
  <testcase classname="com.qa.opencart.pagetests.ProductInfoPageTest" name="productInfoTest" time="1.403"/>
  <testcase classname="com.qa.opencart.pagetests.ProductInfoPageTest" name="productImageCountTest" time="1.483"/>
  <testcase classname="com.qa.opencart.pagetests.ProductInfoPageTest" name="productImageCountTest" time="1.432"/>
  <testcase classname="com.qa.opencart.pagetests.ProductInfoPageTest" name="productImageCountTest" time="1.646"/>
  <testcase classname="com.qa.opencart.pagetests.ProductInfoPageTest" name="productImageCountTest" time="2.637"/>
</testsuite> <!-- com.qa.opencart.pagetests.ProductInfoPageTest -->
