<?xml version="1.0" encoding="UTF-8"?>
<!-- Generated by org.testng.reporters.JUnitReportReporter -->
<testsuite hostname="Pooja" failures="0" tests="6" name="com.qa.opencart.pagetests.AccountPageTest" time="2.088" errors="0" timestamp="2025-12-03T09:48:57 IST" skipped="0">
  <testcase classname="com.qa.opencart.pagetests.AccountPageTest" name="accPageHeaderTest" time="0.101"/>
  <testcase classname="com.qa.opencart.pagetests.AccountPageTest" name="accPageHeaderCountTest" time="0.117"/>
  <testcase classname="com.qa.opencart.pagetests.AccountPageTest" name="accountPageUrlTest" time="0.010"/>
  <testcase classname="com.qa.opencart.pagetests.AccountPageTest" name="accountPageTitleTest" time="0.014"/>
  <testcase classname="com.qa.opencart.pagetests.AccountPageTest" name="logoutLinkExistTest" time="0.268"/>
  <testcase classname="com.qa.opencart.pagetests.AccountPageTest" name="doSearchTest" time="1.578"/>
</testsuite> <!-- com.qa.opencart.pagetests.AccountPageTest -->
