<?xml version="1.0" encoding="UTF-8"?>
<!-- Generated by org.testng.reporters.JUnitReportReporter -->
<testsuite hostname="Pooja" failures="0" tests="7" name="com.qa.opencart.pagetests.ProductInfoPageTest" time="12.906" errors="0" timestamp="2025-12-03T09:48:57 IST" skipped="0">
  <testcase classname="com.qa.opencart.pagetests.ProductInfoPageTest" name="productImageCountTest" time="1.723"/>
  <testcase classname="com.qa.opencart.pagetests.ProductInfoPageTest" name="productImageCountTest" time="1.468"/>
  <testcase classname="com.qa.opencart.pagetests.ProductInfoPageTest" name="productImageCountTest" time="2.860"/>
  <testcase classname="com.qa.opencart.pagetests.ProductInfoPageTest" name="productImageCountTest" time="1.309"/>
  <testcase classname="com.qa.opencart.pagetests.ProductInfoPageTest" name="productInfoTest" time="1.233"/>
  <testcase classname="com.qa.opencart.pagetests.ProductInfoPageTest" name="productImageCountTest" time="1.745"/>
  <testcase classname="com.qa.opencart.pagetests.ProductInfoPageTest" name="productImageCountTest" time="2.568"/>
</testsuite> <!-- com.qa.opencart.pagetests.ProductInfoPageTest -->
